{"L":"ERROR","T":"2023-07-17T16:11:26.973+0800","C":"poc/main.go:58","F":"main.main","M":"ccc","ac":"sss","aMap":{"acc":"ccc","bbb":1},"iaas_env":"prod","S":"main.main\n\t/Users/bytedance/Code/utils/poc/main.go:58\nruntime.main\n\t/Users/bytedance/sdk/go1.20/src/runtime/proc.go:250"}
{"L":"INFO","T":"2023-07-17T16:11:26.976+0800","C":"poc/main.go:59","F":"main.main","M":"ctx","iaas_env":"prod"}
{"L":"INFO","T":"2023-07-17T16:11:26.977+0800","C":"poc/main.go:60","F":"main.main","M":"ctx","cc":{"Key":"trace-id","Type":15,"Integer":0,"String":"0110aa4d48d9ce86afade459d3bb6731","Interface":null},"iaas_env":"prod"}
{"L":"ERROR","T":"2023-07-17T16:11:59.463+0800","C":"poc/main.go:58","F":"main.main","M":"ccc","ac":"sss","aMap":{"acc":"ccc","bbb":1},"iaas_env":"prod","S":"main.main\n\t/Users/bytedance/Code/utils/poc/main.go:58\nruntime.main\n\t/Users/bytedance/sdk/go1.20/src/runtime/proc.go:250"}
{"L":"INFO","T":"2023-07-17T16:11:59.465+0800","C":"poc/main.go:59","F":"main.main","M":"ctx","ccc":"cccc","iaas_env":"prod"}
{"L":"INFO","T":"2023-07-17T16:11:59.465+0800","C":"poc/main.go:60","F":"main.main","M":"ctx","cc":{"Key":"trace-id","Type":15,"Integer":0,"String":"faa2be372af66abd824db826b9dbe197","Interface":null},"iaas_env":"prod"}
{"L":"ERROR","T":"2023-07-17T16:12:52.590+0800","C":"poc/main.go:58","F":"main.main","M":"ccc","ac":"sss","aMap":{"acc":"ccc","bbb":1},"iaas_env":"prod","S":"main.main\n\t/Users/bytedance/Code/utils/poc/main.go:58\nruntime.main\n\t/Users/bytedance/sdk/go1.20/src/runtime/proc.go:250"}
{"L":"INFO","T":"2023-07-17T16:12:52.593+0800","C":"poc/main.go:59","F":"main.main","M":"ctx","ccc":"cccc","iaas_env":"prod"}
{"L":"INFO","T":"2023-07-17T16:12:52.593+0800","C":"poc/main.go:60","F":"main.main","M":"ctx","cc":[{"Key":"trace-id","Type":15,"Integer":0,"String":"5499a8e92b230cbd643ad8d9855f92bb","Interface":null}],"iaas_env":"prod"}
{"L":"ERROR","T":"2023-07-17T16:15:28.032+0800","C":"poc/main.go:59","F":"main.main","M":"ccc","ac":"sss","aMap":{"acc":"ccc","bbb":1},"iaas_env":"prod","S":"main.main\n\t/Users/bytedance/Code/utils/poc/main.go:59\nruntime.main\n\t/Users/bytedance/sdk/go1.20/src/runtime/proc.go:250"}
{"L":"INFO","T":"2023-07-17T16:15:28.036+0800","C":"poc/main.go:60","F":"main.main","M":"ctx","ccc":"cccc","iaas_env":"prod"}
{"L":"INFO","T":"2023-07-17T16:15:28.036+0800","C":"poc/main.go:61","F":"main.main","M":"ctx","cc":[{"Key":"trace-id","Type":15,"Integer":0,"String":"0a93baecbf52109a5236dceae110ba88","Interface":null}],"iaas_env":"prod"}
{"L":"ERROR","T":"2023-07-17T16:16:03.938+0800","C":"poc/main.go:59","F":"main.main","M":"ccc","trace-id":"d813536606d82982d082071799ad3592","ac":"sss","aMap":{"acc":"ccc","bbb":1},"iaas_env":"prod","S":"main.main\n\t/Users/bytedance/Code/utils/poc/main.go:59\nruntime.main\n\t/Users/bytedance/sdk/go1.20/src/runtime/proc.go:250"}
{"L":"INFO","T":"2023-07-17T16:16:03.944+0800","C":"poc/main.go:60","F":"main.main","M":"ctx","trace-id":"d813536606d82982d082071799ad3592","ccc":"cccc","iaas_env":"prod"}
{"L":"INFO","T":"2023-07-17T16:16:03.944+0800","C":"poc/main.go:61","F":"main.main","M":"ctx","trace-id":"d813536606d82982d082071799ad3592","cc":[{"Key":"trace-id","Type":15,"Integer":0,"String":"d813536606d82982d082071799ad3592","Interface":null}],"iaas_env":"prod"}
{"L":"ERROR","T":"2023-07-17T16:38:46.469+0800","C":"poc/main.go:58","M":"ccc","ac":"sss","aMap":{"acc":"ccc","bbb":1},"S":"main.main\n\t/Users/bytedance/Code/utils/poc/main.go:58\nruntime.main\n\t/Users/bytedance/sdk/go1.20/src/runtime/proc.go:250"}
{"L":"INFO","T":"2023-07-17T16:38:46.476+0800","C":"poc/main.go:59","M":"ctx","ccc":"cccc"}
{"L":"INFO","T":"2023-07-17T16:38:46.476+0800","C":"poc/main.go:60","M":"ctx","cc":null}
{"L":"ERROR","T":"2023-07-17T16:40:09.896+0800","C":"poc/main.go:58","M":"ccc","trace-id":"0f7b21386476efbe42d7f40c746f5f89","ac":"sss","aMap":{"acc":"ccc","bbb":1},"S":"main.main\n\t/Users/bytedance/Code/utils/poc/main.go:58\nruntime.main\n\t/Users/bytedance/sdk/go1.20/src/runtime/proc.go:250"}
{"L":"INFO","T":"2023-07-17T16:40:09.903+0800","C":"poc/main.go:59","M":"ctx","trace-id":"0f7b21386476efbe42d7f40c746f5f89","ccc":"cccc"}
{"L":"INFO","T":"2023-07-17T16:40:09.903+0800","C":"poc/main.go:60","M":"ctx","trace-id":"0f7b21386476efbe42d7f40c746f5f89","cc":null}
